<?xml version="1.0" encoding="UTF-8"?>
<!-- Generated by org.testng.reporters.JUnitReportReporter -->
<testsuite skipped="0" hostname="Ratna" name="SampleProject.Sample.HerokuapphomeTest" tests="4" failures="0" timestamp="12 Jun 2018 15:52:11 GMT" time="0.722" errors="0">
  <testcase name="validateImageGithub" time="0.339" classname="SampleProject.Sample.HerokuapphomeTest"/>
  <testcase name="validateheader" time="0.185" classname="SampleProject.Sample.HerokuapphomeTest"/>
  <testcase name="validateLinkelementselenium" time="0.151" classname="SampleProject.Sample.HerokuapphomeTest"/>
  <testcase name="validateurl" time="0.047" classname="SampleProject.Sample.HerokuapphomeTest"/>
</testsuite> <!-- SampleProject.Sample.HerokuapphomeTest -->
