<?xml version="1.0" encoding="UTF-8"?>
<!-- Generated by org.testng.reporters.JUnitReportReporter -->
<testsuite skipped="0" hostname="Ratna" name="com.test.sqs.Tablevalidations" tests="6" failures="0" timestamp="12 Jun 2018 18:57:06 GMT" time="0.830" errors="0">
  <testcase name="validateTableheader" time="0.172" classname="com.test.sqs.Tablevalidations"/>
  <testcase name="validateLinkelementsselenium" time="0.112" classname="com.test.sqs.Tablevalidations"/>
  <testcase name="validateTableheadercount" time="0.283" classname="com.test.sqs.Tablevalidations"/>
  <testcase name="validateImageGithub" time="0.143" classname="com.test.sqs.Tablevalidations"/>
  <testcase name="validaterowscount" time="0.089" classname="com.test.sqs.Tablevalidations"/>
  <testcase name="validateurl" time="0.031" classname="com.test.sqs.Tablevalidations"/>
</testsuite> <!-- com.test.sqs.Tablevalidations -->
