<?xml version="1.0" encoding="UTF-8"?>
<!-- Generated by org.testng.reporters.JUnitReportReporter -->
<testsuite skipped="0" hostname="Ratna" name="com.test.sqs.HerokuapphomeTest" tests="4" failures="0" timestamp="12 Jun 2018 22:41:49 GMT" time="0.608" errors="0">
  <testcase name="validateheader" time="0.156" classname="com.test.sqs.HerokuapphomeTest"/>
  <testcase name="validateLinkelementselenium" time="0.154" classname="com.test.sqs.HerokuapphomeTest"/>
  <testcase name="validateImageGithub" time="0.267" classname="com.test.sqs.HerokuapphomeTest"/>
  <testcase name="validateurl" time="0.031" classname="com.test.sqs.HerokuapphomeTest"/>
</testsuite> <!-- com.test.sqs.HerokuapphomeTest -->
