<?xml version="1.0" encoding="UTF-8"?>
<!-- Generated by org.testng.reporters.JUnitReportReporter -->
<testsuite skipped="0" hostname="Ratna" name="com.test.sqs.ButtonsTest" tests="5" failures="0" timestamp="12 Jun 2018 22:41:49 GMT" time="0.711" errors="0">
  <testcase name="validateButton1" time="0.166" classname="com.test.sqs.ButtonsTest"/>
  <testcase name="validateButton3" time="0.258" classname="com.test.sqs.ButtonsTest"/>
  <testcase name="validateButton2" time="0.167" classname="com.test.sqs.ButtonsTest"/>
  <testcase name="validateButtonCount" time="0.094" classname="com.test.sqs.ButtonsTest"/>
  <testcase name="validateurl" time="0.026" classname="com.test.sqs.ButtonsTest"/>
</testsuite> <!-- com.test.sqs.ButtonsTest -->
