<?xml version="1.0" encoding="UTF-8"?>
<!-- Generated by org.testng.reporters.JUnitReportReporter -->
<testsuite skipped="0" hostname="Ratna" name="com.test.sqs.ValidateLinksTest" tests="5" failures="0" timestamp="12 Jun 2018 18:57:06 GMT" time="26.373" errors="0">
  <testcase name="validateurl" time="0.047" classname="com.test.sqs.ValidateLinksTest"/>
  <testcase name="validateEditLink" time="0.368" classname="com.test.sqs.ValidateLinksTest"/>
  <testcase name="validateDeleteLink" time="0.379" classname="com.test.sqs.ValidateLinksTest"/>
  <testcase name="validateImageGithub" time="24.882" classname="com.test.sqs.ValidateLinksTest"/>
  <testcase name="validateLinkelementsselenium" time="0.697" classname="com.test.sqs.ValidateLinksTest"/>
</testsuite> <!-- com.test.sqs.ValidateLinksTest -->
