<?xml version="1.0" encoding="UTF-8"?>
<!-- Generated by org.testng.reporters.JUnitReportReporter -->
<testsuite skipped="0" hostname="Ratna" name="SampleProject.Sample.Tablevalidations" tests="6" failures="0" timestamp="12 Jun 2018 15:52:11 GMT" time="0.638" errors="0">
  <testcase name="validateImageGithub" time="0.157" classname="SampleProject.Sample.Tablevalidations"/>
  <testcase name="validaterowscount" time="0.110" classname="SampleProject.Sample.Tablevalidations"/>
  <testcase name="validateTableheadercount" time="0.062" classname="SampleProject.Sample.Tablevalidations"/>
  <testcase name="validateLinkelementsselenium" time="0.122" classname="SampleProject.Sample.Tablevalidations"/>
  <testcase name="validateTableheader" time="0.172" classname="SampleProject.Sample.Tablevalidations"/>
  <testcase name="validateurl" time="0.015" classname="SampleProject.Sample.Tablevalidations"/>
</testsuite> <!-- SampleProject.Sample.Tablevalidations -->
