<?xml version="1.0" encoding="UTF-8"?>
<!-- Generated by org.testng.reporters.JUnitReportReporter -->
<testsuite skipped="0" hostname="Ratna" name="com.test.sqs.Tablevalidations" tests="4" failures="0" timestamp="12 Jun 2018 22:41:48 GMT" time="0.434" errors="0">
  <testcase name="validateTableheader" time="0.197" classname="com.test.sqs.Tablevalidations"/>
  <testcase name="validaterowscount" time="0.063" classname="com.test.sqs.Tablevalidations"/>
  <testcase name="validateTableheadercount" time="0.158" classname="com.test.sqs.Tablevalidations"/>
  <testcase name="validateurl" time="0.016" classname="com.test.sqs.Tablevalidations"/>
</testsuite> <!-- com.test.sqs.Tablevalidations -->
