<?xml version="1.0" encoding="UTF-8"?>
<!-- Generated by org.testng.reporters.JUnitReportReporter -->
<testsuite skipped="0" hostname="Ratna" name="SampleProject.Sample.ButtonsTest" tests="5" failures="0" timestamp="12 Jun 2018 15:52:11 GMT" time="0.683" errors="0">
  <testcase name="validateButton3" time="0.078" classname="SampleProject.Sample.ButtonsTest"/>
  <testcase name="validateButtonCount" time="0.109" classname="SampleProject.Sample.ButtonsTest"/>
  <testcase name="validateButton2" time="0.125" classname="SampleProject.Sample.ButtonsTest"/>
  <testcase name="validateButton1" time="0.168" classname="SampleProject.Sample.ButtonsTest"/>
  <testcase name="validateurl" time="0.203" classname="SampleProject.Sample.ButtonsTest"/>
</testsuite> <!-- SampleProject.Sample.ButtonsTest -->
