<?xml version="1.0" encoding="UTF-8"?>
<!-- Generated by org.testng.reporters.JUnitReportReporter -->
<testsuite skipped="0" hostname="Ratna" name="com.test.sqs.ValidateLinksTest" tests="5" failures="0" timestamp="12 Jun 2018 23:04:20 GMT" time="8.694" errors="0">
  <testcase name="validateurl" time="0.062" classname="com.test.sqs.ValidateLinksTest"/>
  <testcase name="validateEditLink" time="0.511" classname="com.test.sqs.ValidateLinksTest"/>
  <testcase name="validateDeleteLink" time="0.368" classname="com.test.sqs.ValidateLinksTest"/>
  <testcase name="validateImageGithub" time="4.825" classname="com.test.sqs.ValidateLinksTest"/>
  <testcase name="validateLinkelementsselenium" time="2.928" classname="com.test.sqs.ValidateLinksTest"/>
</testsuite> <!-- com.test.sqs.ValidateLinksTest -->
