<?xml version="1.0" encoding="UTF-8"?>
<!-- Generated by org.testng.reporters.JUnitReportReporter -->
<testsuite skipped="0" hostname="Ratna" name="com.test.sqs.HerokuapphomeTest" tests="4" failures="0" timestamp="12 Jun 2018 18:57:06 GMT" time="0.550" errors="0">
  <testcase name="validateheader" time="0.147" classname="com.test.sqs.HerokuapphomeTest"/>
  <testcase name="validateLinkelementselenium" time="0.128" classname="com.test.sqs.HerokuapphomeTest"/>
  <testcase name="validateImageGithub" time="0.260" classname="com.test.sqs.HerokuapphomeTest"/>
  <testcase name="validateurl" time="0.015" classname="com.test.sqs.HerokuapphomeTest"/>
</testsuite> <!-- com.test.sqs.HerokuapphomeTest -->
