<?xml version="1.0" encoding="UTF-8"?>
<!-- Generated by org.testng.reporters.JUnitReportReporter -->
<testsuite skipped="0" hostname="Ratna" name="com.test.sqs.ButtonsTest" tests="5" failures="0" timestamp="12 Jun 2018 18:57:06 GMT" time="0.641" errors="0">
  <testcase name="validateButton1" time="0.155" classname="com.test.sqs.ButtonsTest"/>
  <testcase name="validateButtonCount" time="0.266" classname="com.test.sqs.ButtonsTest"/>
  <testcase name="validateButton2" time="0.107" classname="com.test.sqs.ButtonsTest"/>
  <testcase name="validateButton3" time="0.066" classname="com.test.sqs.ButtonsTest"/>
  <testcase name="validateurl" time="0.047" classname="com.test.sqs.ButtonsTest"/>
</testsuite> <!-- com.test.sqs.ButtonsTest -->
